<?xml version="1.0" encoding="UTF-8"?>
<!-- Generated by org.testng.reporters.JUnitReportReporter -->
<testsuite hostname="Arjen" failures="0" tests="4" name="Project1.loginPage" time="16.552" errors="0" timestamp="2023-09-29T07:14:23 IST" skipped="0">
  <testcase classname="Project1.loginPage" name="testCase001" time="4.107"/>
  <system-out/>
  <testcase classname="Project1.loginPage" name="testCase001" time="4.567"/>
  <system-out/>
  <testcase classname="Project1.loginPage" name="testCase001" time="3.555"/>
  <system-out/>
  <testcase classname="Project1.loginPage" name="testCase001" time="4.323"/>
  <system-out/>
</testsuite> <!-- Project1.loginPage -->
