<?xml version="1.0" encoding="UTF-8"?>
<!-- Generated by org.testng.reporters.JUnitReportReporter -->
<testsuite hostname="Arjen" failures="0" tests="4" name="Project1.EmployeeListTab" time="0.480" errors="0" timestamp="2023-09-18T19:22:24 IST" skipped="0">
  <testcase classname="Project1.EmployeeListTab" name="employeeStatus" time="0.035"/>
  <system-out/>
  <testcase classname="Project1.EmployeeListTab" name="employeeID" time="0.387"/>
  <system-out/>
  <testcase classname="Project1.EmployeeListTab" name="employeeInformationPage" time="0.021"/>
  <system-out/>
  <testcase classname="Project1.EmployeeListTab" name="testcases" time="0.037"/>
  <system-out/>
</testsuite> <!-- Project1.EmployeeListTab -->
