<?xml version="1.0" encoding="UTF-8"?>
<!-- Generated by org.testng.reporters.JUnitReportReporter -->
<testsuite hostname="Arjen" failures="0" tests="1" name="Project1.TaxExemptionModule" time="3.750" errors="0" timestamp="2023-09-18T19:14:27 IST" skipped="0">
  <testcase classname="Project1.TaxExemptionModule" name="taxExemptionModuleTab" time="3.750"/>
  <system-out/>
</testsuite> <!-- Project1.TaxExemptionModule -->
