<?xml version="1.0" encoding="UTF-8"?>
<!-- Generated by org.testng.reporters.JUnitReportReporter -->
<testsuite hostname="Arjen" failures="0" tests="1" name="Project1.SalaryModule" time="3.831" errors="0" timestamp="2023-09-18T19:07:32 IST" skipped="0">
  <testcase classname="Project1.SalaryModule" name="salaryModuleTab" time="3.831"/>
  <system-out/>
</testsuite> <!-- Project1.SalaryModule -->
