<?xml version="1.0" encoding="UTF-8"?>
<!-- Generated by org.testng.reporters.JUnitReportReporter -->
<testsuite hostname="Arjen" failures="0" tests="4" name="Project1.loginPage" time="18.838" errors="0" timestamp="2023-09-22T19:03:27 IST" skipped="0">
  <testcase classname="Project1.loginPage" name="testCase001" time="5.183"/>
  <system-out/>
  <testcase classname="Project1.loginPage" name="testCase001" time="4.111"/>
  <system-out/>
  <testcase classname="Project1.loginPage" name="testCase001" time="4.482"/>
  <system-out/>
  <testcase classname="Project1.loginPage" name="testCase001" time="5.062"/>
  <system-out/>
</testsuite> <!-- Project1.loginPage -->
