<?xml version="1.0" encoding="UTF-8"?>
<!-- Generated by org.testng.reporters.JUnitReportReporter -->
<testsuite hostname="Arjen" failures="0" tests="1" name="Project1.pimModuleTab" time="2.775" errors="0" timestamp="2023-09-17T17:39:47 IST" skipped="0">
  <testcase classname="Project1.pimModuleTab" name="testcases" time="2.775"/>
  <system-out/>
</testsuite> <!-- Project1.pimModuleTab -->
